<?xml version="1.0" encoding="UTF-8"?>
<TestRun id="ff7044e0-820f-42f5-84da-80f13b5bf32c" name="RobertoBrandini@ASUS 2014-05-09 11:44:53" runUser="ASUS\RobertoBrandini" xmlns="http://microsoft.com/schemas/VisualStudio/TeamTest/2010">
  <TestSettings name="Local" id="1a6369a1-9671-46ee-be15-7888b42ca6d0">
    <Description>These are default test settings for a local test run.</Description>
    <Deployment enabled="false" runDeploymentRoot="RobertoBrandini_ASUS 2014-05-09 11_44_53" />
    <Execution>
      <TestTypeSpecific />
      <AgentRule name="Execution Agents">
      </AgentRule>
    </Execution>
  </TestSettings>
  <Times creation="2014-05-09T11:44:53.3662088-03:00" queuing="2014-05-09T11:44:54.9793011-03:00" start="2014-05-09T11:44:55.0643060-03:00" finish="2014-05-09T11:45:12.9823308-03:00" />
  <ResultSummary outcome="Error">
    <Counters total="2" executed="2" passed="1" error="0" failed="0" timeout="0" aborted="1" inconclusive="0" passedButRunAborted="0" notRunnable="0" notExecuted="0" disconnected="0" warning="0" completed="0" inProgress="0" pending="0" />
    <RunInfos>
      <RunInfo computerName="ASUS" outcome="Error" timestamp="2014-05-09T11:45:12.9813308-03:00">
        <Text>Test host process exited unexpectedly.</Text>
      </RunInfo>
    </RunInfos>
  </ResultSummary>
  <TestDefinitions>
    <UnitTest name="TestarErro" storage="c:\dojo_sergipe_exercicios\test01\test01\bin\debug\test01.dll" id="afe8d2a5-c109-cff7-786c-d9bde2f176e2">
      <Execution id="c3b36a16-4497-41a6-8e0d-fd858adc328a" />
      <TestMethod codeBase="C:/Dojo_Sergipe_Exercicios/Test01/Test01/bin/Debug/Test01.DLL" adapterTypeName="Microsoft.VisualStudio.TestTools.TestTypes.Unit.UnitTestAdapter, Microsoft.VisualStudio.QualityTools.Tips.UnitTest.Adapter, Version=10.0.0.0, Culture=neutral, PublicKeyToken=b03f5f7f11d50a3a" className="Test01.UnitTest1, Test01, Version=1.0.0.0, Culture=neutral, PublicKeyToken=null" name="TestarErro" />
    </UnitTest>
    <UnitTest name="TestMethod1" storage="c:\dojo_sergipe_exercicios\test01\test01\bin\debug\test01.dll" id="003ea1fe-208c-ff9b-dc3b-15c8f4e0489d">
      <Execution id="c66a3a0a-b903-43ac-b10e-7341ed6dc739" />
      <TestMethod codeBase="C:/Dojo_Sergipe_Exercicios/Test01/Test01/bin/Debug/Test01.DLL" adapterTypeName="Microsoft.VisualStudio.TestTools.TestTypes.Unit.UnitTestAdapter, Microsoft.VisualStudio.QualityTools.Tips.UnitTest.Adapter, Version=10.0.0.0, Culture=neutral, PublicKeyToken=b03f5f7f11d50a3a" className="Test01.UnitTest1, Test01, Version=1.0.0.0, Culture=neutral, PublicKeyToken=null" name="TestMethod1" />
    </UnitTest>
  </TestDefinitions>
  <TestLists>
    <TestList name="Results Not in a List" id="8c84fa94-04c1-424b-9868-57a2d4851a1d" />
    <TestList name="All Loaded Results" id="19431567-8539-422a-85d7-44ee4e166bda" />
  </TestLists>
  <TestEntries>
    <TestEntry testId="003ea1fe-208c-ff9b-dc3b-15c8f4e0489d" executionId="c66a3a0a-b903-43ac-b10e-7341ed6dc739" testListId="8c84fa94-04c1-424b-9868-57a2d4851a1d" />
    <TestEntry testId="afe8d2a5-c109-cff7-786c-d9bde2f176e2" executionId="c3b36a16-4497-41a6-8e0d-fd858adc328a" testListId="8c84fa94-04c1-424b-9868-57a2d4851a1d" />
  </TestEntries>
  <Results>
    <UnitTestResult executionId="c66a3a0a-b903-43ac-b10e-7341ed6dc739" testId="003ea1fe-208c-ff9b-dc3b-15c8f4e0489d" testName="TestMethod1" computerName="ASUS" duration="00:00:00.0113502" startTime="2014-05-09T11:44:55.1773124-03:00" endTime="2014-05-09T11:44:56.6093943-03:00" testType="13cdc9d9-ddb5-4fa4-a97d-d965ccfc6d4b" outcome="Passed" testListId="8c84fa94-04c1-424b-9868-57a2d4851a1d" relativeResultsDirectory="c66a3a0a-b903-43ac-b10e-7341ed6dc739">
    </UnitTestResult>
    <UnitTestResult executionId="c3b36a16-4497-41a6-8e0d-fd858adc328a" testId="afe8d2a5-c109-cff7-786c-d9bde2f176e2" testName="TestarErro" computerName="ASUS" duration="00:00:16.3499352" startTime="2014-05-09T11:44:56.6323956-03:00" endTime="2014-05-09T11:45:12.9823308-03:00" testType="13cdc9d9-ddb5-4fa4-a97d-d965ccfc6d4b" outcome="Aborted" testListId="8c84fa94-04c1-424b-9868-57a2d4851a1d" relativeResultsDirectory="c3b36a16-4497-41a6-8e0d-fd858adc328a">
    </UnitTestResult>
  </Results>
</TestRun>